<?xml version="1.0" encoding="UTF-8"?>
<testsuite xmlns:xsi="http://www.w3.org/2001/XMLSchema-instance" xsi:noNamespaceSchemaLocation="https://maven.apache.org/surefire/maven-surefire-plugin/xsd/surefire-test-report.xsd" name="edu.arizona.cs.TestQ13b" time="0" tests="1" errors="0" skipped="0" failures="0">
  <properties>
    <property name="gopherProxySet" value="false"/>
    <property name="awt.toolkit" value="sun.lwawt.macosx.LWCToolkit"/>
    <property name="java.specification.version" value="9"/>
    <property name="file.encoding.pkg" value="sun.io"/>
    <property name="sun.cpu.isalist" value=""/>
    <property name="sun.jnu.encoding" value="UTF-8"/>
    <property name="java.class.path" value="/Users/nateclos/Documents/cs483/hw3/cs-nateclos/target/test-classes:/Users/nateclos/Documents/cs483/hw3/cs-nateclos/target/classes:/Users/nateclos/.m2/repository/org/apache/lucene/lucene-core/7.7.1/lucene-core-7.7.1.jar:/Users/nateclos/.m2/repository/org/apache/lucene/lucene-queryparser/7.7.1/lucene-queryparser-7.7.1.jar:/Users/nateclos/.m2/repository/org/apache/lucene/lucene-queries/7.7.1/lucene-queries-7.7.1.jar:/Users/nateclos/.m2/repository/org/apache/lucene/lucene-sandbox/7.7.1/lucene-sandbox-7.7.1.jar:/Users/nateclos/.m2/repository/org/apache/lucene/lucene-analyzers-common/7.7.1/lucene-analyzers-common-7.7.1.jar:/Users/nateclos/.m2/repository/org/junit/jupiter/junit-jupiter-engine/5.3.1/junit-jupiter-engine-5.3.1.jar:/Users/nateclos/.m2/repository/org/apiguardian/apiguardian-api/1.0.0/apiguardian-api-1.0.0.jar:/Users/nateclos/.m2/repository/org/junit/platform/junit-platform-engine/1.3.1/junit-platform-engine-1.3.1.jar:/Users/nateclos/.m2/repository/org/junit/platform/junit-platform-commons/1.3.1/junit-platform-commons-1.3.1.jar:/Users/nateclos/.m2/repository/org/opentest4j/opentest4j/1.1.1/opentest4j-1.1.1.jar:/Users/nateclos/.m2/repository/org/junit/jupiter/junit-jupiter-api/5.3.1/junit-jupiter-api-5.3.1.jar:"/>
    <property name="java.vm.vendor" value="Oracle Corporation"/>
    <property name="sun.arch.data.model" value="64"/>
    <property name="java.vendor.url" value="http://java.oracle.com/"/>
    <property name="user.timezone" value=""/>
    <property name="java.vm.specification.version" value="9"/>
    <property name="os.name" value="Mac OS X"/>
    <property name="sun.java.launcher" value="SUN_STANDARD"/>
    <property name="user.country" value="US"/>
    <property name="sun.boot.library.path" value="/Library/Java/JavaVirtualMachines/jdk-9.0.1.jdk/Contents/Home/lib"/>
    <property name="sun.java.command" value="/Users/nateclos/Documents/cs483/hw3/cs-nateclos/target/surefire/surefirebooter13104472834035672072.jar /Users/nateclos/Documents/cs483/hw3/cs-nateclos/target/surefire 2019-03-18T23-20-15_177-jvmRun1 surefire14642021842499170428tmp surefire_04847545221479278010tmp"/>
    <property name="http.nonProxyHosts" value="local|*.local|169.254/16|*.169.254/16"/>
    <property name="jdk.debug" value="release"/>
    <property name="surefire.test.class.path" value="/Users/nateclos/Documents/cs483/hw3/cs-nateclos/target/test-classes:/Users/nateclos/Documents/cs483/hw3/cs-nateclos/target/classes:/Users/nateclos/.m2/repository/org/apache/lucene/lucene-core/7.7.1/lucene-core-7.7.1.jar:/Users/nateclos/.m2/repository/org/apache/lucene/lucene-queryparser/7.7.1/lucene-queryparser-7.7.1.jar:/Users/nateclos/.m2/repository/org/apache/lucene/lucene-queries/7.7.1/lucene-queries-7.7.1.jar:/Users/nateclos/.m2/repository/org/apache/lucene/lucene-sandbox/7.7.1/lucene-sandbox-7.7.1.jar:/Users/nateclos/.m2/repository/org/apache/lucene/lucene-analyzers-common/7.7.1/lucene-analyzers-common-7.7.1.jar:/Users/nateclos/.m2/repository/org/junit/jupiter/junit-jupiter-engine/5.3.1/junit-jupiter-engine-5.3.1.jar:/Users/nateclos/.m2/repository/org/apiguardian/apiguardian-api/1.0.0/apiguardian-api-1.0.0.jar:/Users/nateclos/.m2/repository/org/junit/platform/junit-platform-engine/1.3.1/junit-platform-engine-1.3.1.jar:/Users/nateclos/.m2/repository/org/junit/platform/junit-platform-commons/1.3.1/junit-platform-commons-1.3.1.jar:/Users/nateclos/.m2/repository/org/opentest4j/opentest4j/1.1.1/opentest4j-1.1.1.jar:/Users/nateclos/.m2/repository/org/junit/jupiter/junit-jupiter-api/5.3.1/junit-jupiter-api-5.3.1.jar:"/>
    <property name="sun.cpu.endian" value="little"/>
    <property name="user.home" value="/Users/nateclos"/>
    <property name="user.language" value="en"/>
    <property name="java.specification.vendor" value="Oracle Corporation"/>
    <property name="java.home" value="/Library/Java/JavaVirtualMachines/jdk-9.0.1.jdk/Contents/Home"/>
    <property name="file.separator" value="/"/>
    <property name="basedir" value="/Users/nateclos/Documents/cs483/hw3/cs-nateclos"/>
    <property name="java.vm.compressedOopsMode" value="Zero based"/>
    <property name="line.separator" value="&#10;"/>
    <property name="java.specification.name" value="Java Platform API Specification"/>
    <property name="java.vm.specification.vendor" value="Oracle Corporation"/>
    <property name="java.awt.graphicsenv" value="sun.awt.CGraphicsEnvironment"/>
    <property name="surefire.real.class.path" value="/Users/nateclos/Documents/cs483/hw3/cs-nateclos/target/surefire/surefirebooter13104472834035672072.jar"/>
    <property name="sun.management.compiler" value="HotSpot 64-Bit Tiered Compilers"/>
    <property name="ftp.nonProxyHosts" value="local|*.local|169.254/16|*.169.254/16"/>
    <property name="java.runtime.version" value="9.0.1+11"/>
    <property name="user.name" value="nateclos"/>
    <property name="path.separator" value=":"/>
    <property name="os.version" value="10.14.1"/>
    <property name="java.runtime.name" value="Java(TM) SE Runtime Environment"/>
    <property name="file.encoding" value="UTF-8"/>
    <property name="java.vm.name" value="Java HotSpot(TM) 64-Bit Server VM"/>
    <property name="localRepository" value="/Users/nateclos/.m2/repository"/>
    <property name="java.vendor.url.bug" value="http://bugreport.java.com/bugreport/"/>
    <property name="java.io.tmpdir" value="/var/folders/39/bmhf3qyd5693k5qwqn618s3m0000gn/T/"/>
    <property name="java.version" value="9.0.1"/>
    <property name="user.dir" value="/Users/nateclos/Documents/cs483/hw3/cs-nateclos"/>
    <property name="os.arch" value="x86_64"/>
    <property name="java.vm.specification.name" value="Java Virtual Machine Specification"/>
    <property name="java.awt.printerjob" value="sun.lwawt.macosx.CPrinterJob"/>
    <property name="sun.os.patch.level" value="unknown"/>
    <property name="java.library.path" value="/Users/nateclos/Library/Java/Extensions:/Library/Java/Extensions:/Network/Library/Java/Extensions:/System/Library/Java/Extensions:/usr/lib/java:."/>
    <property name="java.vm.info" value="mixed mode"/>
    <property name="java.vendor" value="Oracle Corporation"/>
    <property name="java.vm.version" value="9.0.1+11"/>
    <property name="sun.io.unicode.encoding" value="UnicodeBig"/>
    <property name="java.class.version" value="53.0"/>
    <property name="socksNonProxyHosts" value="local|*.local|169.254/16|*.169.254/16"/>
  </properties>
  <testcase name="testDocsAndScores" classname="edu.arizona.cs.TestQ13b" time="0"/>
</testsuite>